app/build/intermediates/manifest_merge_blame_file/release/processReleaseMainManifest/manifest-merger-blame-release-report.txt
1<?xml version="1.0" encoding="utf-8"?>
2<manifest xmlns:android="http://schemas.android.com/apk/res/android"
3    package="com.tommyg.yenwidget"
4    android:versionCode="3"
5    android:versionName="1.2" >
6
7    <uses-sdk
8        android:minSdkVersion="26"
9        android:targetSdkVersion="35" />
10
11    <uses-permission android:name="android.permission.INTERNET" />
11-->src/main/AndroidManifest.xml:4:5-67
11-->src/main/AndroidManifest.xml:4:22-64
12    <uses-permission android:name="android.permission.WAKE_LOCK" />
12-->[androidx.work:work-runtime:2.10.0] AndroidManifest.xml:23:5-68
12-->[androidx.work:work-runtime:2.10.0] AndroidManifest.xml:23:22-65
13    <uses-permission android:name="android.permission.ACCESS_NETWORK_STATE" />
13-->[androidx.work:work-runtime:2.10.0] AndroidManifest.xml:24:5-79
13-->[androidx.work:work-runtime:2.10.0] AndroidManifest.xml:24:22-76
14    <uses-permission android:name="android.permission.RECEIVE_BOOT_COMPLETED" />
14-->[androidx.work:work-runtime:2.10.0] AndroidManifest.xml:25:5-81
14-->[androidx.work:work-runtime:2.10.0] AndroidManifest.xml:25:22-78
15    <uses-permission android:name="android.permission.FOREGROUND_SERVICE" />
15-->[androidx.work:work-runtime:2.10.0] AndroidManifest.xml:26:5-77
15-->[androidx.work:work-runtime:2.10.0] AndroidManifest.xml:26:22-74
16
17    <permission
17-->[androidx.core:core:1.12.0] AndroidManifest.xml:22:5-24:47
18        android:name="com.tommyg.yenwidget.DYNAMIC_RECEIVER_NOT_EXPORTED_PERMISSION"
18-->[androidx.core:core:1.12.0] AndroidManifest.xml:23:9-81
19        android:protectionLevel="signature" />
19-->[androidx.core:core:1.12.0] AndroidManifest.xml:24:9-44
20
21    <uses-permission android:name="com.tommyg.yenwidget.DYNAMIC_RECEIVER_NOT_EXPORTED_PERMISSION" />
21-->[androidx.core:core:1.12.0] AndroidManifest.xml:26:5-97
21-->[androidx.core:core:1.12.0] AndroidManifest.xml:26:22-94
22
23    <application
23-->src/main/AndroidManifest.xml:6:5-31:19
24        android:allowBackup="true"
24-->src/main/AndroidManifest.xml:9:9-35
25        android:appComponentFactory="androidx.core.app.CoreComponentFactory"
25-->[androidx.core:core:1.12.0] AndroidManifest.xml:28:18-86
26        android:extractNativeLibs="false"
27        android:icon="@mipmap/ic_launcher"
27-->src/main/AndroidManifest.xml:8:9-43
28        android:label="@string/app_name"
28-->src/main/AndroidManifest.xml:7:9-41
29        android:theme="@android:style/Theme.Material.Light.NoActionBar" >
29-->src/main/AndroidManifest.xml:10:9-72
30        <activity
30-->src/main/AndroidManifest.xml:12:9-19:20
31            android:name="com.tommyg.yenwidget.MainActivity"
31-->src/main/AndroidManifest.xml:13:13-41
32            android:exported="true" >
32-->src/main/AndroidManifest.xml:14:13-36
33            <intent-filter>
33-->src/main/AndroidManifest.xml:15:13-18:29
34                <action android:name="android.intent.action.MAIN" />
34-->src/main/AndroidManifest.xml:16:17-69
34-->src/main/AndroidManifest.xml:16:25-66
35
36                <category android:name="android.intent.category.LAUNCHER" />
36-->src/main/AndroidManifest.xml:17:17-77
36-->src/main/AndroidManifest.xml:17:27-74
37            </intent-filter>
38        </activity>
39
40        <receiver
40-->src/main/AndroidManifest.xml:21:9-30:20
41            android:name="com.tommyg.yenwidget.YenWidgetReceiver"
41-->src/main/AndroidManifest.xml:22:13-46
42            android:exported="true" >
42-->src/main/AndroidManifest.xml:23:13-36
43            <intent-filter>
43-->src/main/AndroidManifest.xml:24:13-26:29
44                <action android:name="android.appwidget.action.APPWIDGET_UPDATE" />
44-->src/main/AndroidManifest.xml:25:17-84
44-->src/main/AndroidManifest.xml:25:25-81
45            </intent-filter>
46
47            <meta-data
47-->src/main/AndroidManifest.xml:27:13-29:59
48                android:name="android.appwidget.provider"
48-->src/main/AndroidManifest.xml:28:17-58
49                android:resource="@xml/yen_widget_info" />
49-->src/main/AndroidManifest.xml:29:17-56
50        </receiver>
51
52        <activity
52-->[androidx.glance:glance-appwidget:1.1.1] AndroidManifest.xml:23:9-28:62
53            android:name="androidx.glance.appwidget.action.ActionTrampolineActivity"
53-->[androidx.glance:glance-appwidget:1.1.1] AndroidManifest.xml:24:13-85
54            android:enabled="true"
54-->[androidx.glance:glance-appwidget:1.1.1] AndroidManifest.xml:25:13-35
55            android:excludeFromRecents="true"
55-->[androidx.glance:glance-appwidget:1.1.1] AndroidManifest.xml:26:13-46
56            android:exported="false"
56-->[androidx.glance:glance-appwidget:1.1.1] AndroidManifest.xml:27:13-37
57            android:theme="@android:style/Theme.NoDisplay" />
57-->[androidx.glance:glance-appwidget:1.1.1] AndroidManifest.xml:28:13-59
58        <activity
58-->[androidx.glance:glance-appwidget:1.1.1] AndroidManifest.xml:29:9-36:81
59            android:name="androidx.glance.appwidget.action.InvisibleActionTrampolineActivity"
59-->[androidx.glance:glance-appwidget:1.1.1] AndroidManifest.xml:30:13-94
60            android:enabled="true"
60-->[androidx.glance:glance-appwidget:1.1.1] AndroidManifest.xml:31:13-35
61            android:exported="false"
61-->[androidx.glance:glance-appwidget:1.1.1] AndroidManifest.xml:32:13-37
62            android:launchMode="singleInstance"
62-->[androidx.glance:glance-appwidget:1.1.1] AndroidManifest.xml:33:13-48
63            android:noHistory="true"
63-->[androidx.glance:glance-appwidget:1.1.1] AndroidManifest.xml:34:13-37
64            android:taskAffinity="androidx.glance.appwidget.ListAdapterCallbackTrampoline"
64-->[androidx.glance:glance-appwidget:1.1.1] AndroidManifest.xml:35:13-91
65            android:theme="@style/Widget.Glance.AppWidget.CallbackTrampoline" />
65-->[androidx.glance:glance-appwidget:1.1.1] AndroidManifest.xml:36:13-78
66
67        <receiver
67-->[androidx.glance:glance-appwidget:1.1.1] AndroidManifest.xml:38:9-41:40
68            android:name="androidx.glance.appwidget.action.ActionCallbackBroadcastReceiver"
68-->[androidx.glance:glance-appwidget:1.1.1] AndroidManifest.xml:39:13-92
69            android:enabled="true"
69-->[androidx.glance:glance-appwidget:1.1.1] AndroidManifest.xml:40:13-35
70            android:exported="false" />
70-->[androidx.glance:glance-appwidget:1.1.1] AndroidManifest.xml:41:13-37
71        <receiver
71-->[androidx.glance:glance-appwidget:1.1.1] AndroidManifest.xml:42:9-45:40
72            android:name="androidx.glance.appwidget.UnmanagedSessionReceiver"
72-->[androidx.glance:glance-appwidget:1.1.1] AndroidManifest.xml:43:13-78
73            android:enabled="true"
73-->[androidx.glance:glance-appwidget:1.1.1] AndroidManifest.xml:44:13-35
74            android:exported="false" />
74-->[androidx.glance:glance-appwidget:1.1.1] AndroidManifest.xml:45:13-37
75        <receiver
75-->[androidx.glance:glance-appwidget:1.1.1] AndroidManifest.xml:46:9-53:20
76            android:name="androidx.glance.appwidget.MyPackageReplacedReceiver"
76-->[androidx.glance:glance-appwidget:1.1.1] AndroidManifest.xml:47:13-79
77            android:enabled="true"
77-->[androidx.glance:glance-appwidget:1.1.1] AndroidManifest.xml:48:13-35
78            android:exported="false" >
78-->[androidx.glance:glance-appwidget:1.1.1] AndroidManifest.xml:49:13-37
79            <intent-filter>
79-->[androidx.glance:glance-appwidget:1.1.1] AndroidManifest.xml:50:13-52:29
80                <action android:name="android.intent.action.MY_PACKAGE_REPLACED" />
80-->[androidx.glance:glance-appwidget:1.1.1] AndroidManifest.xml:51:17-84
80-->[androidx.glance:glance-appwidget:1.1.1] AndroidManifest.xml:51:25-81
81            </intent-filter>
82        </receiver>
83
84        <service
84-->[androidx.glance:glance-appwidget:1.1.1] AndroidManifest.xml:55:9-58:72
85            android:name="androidx.glance.appwidget.GlanceRemoteViewsService"
85-->[androidx.glance:glance-appwidget:1.1.1] AndroidManifest.xml:56:13-78
86            android:exported="true"
86-->[androidx.glance:glance-appwidget:1.1.1] AndroidManifest.xml:57:13-36
87            android:permission="android.permission.BIND_REMOTEVIEWS" />
87-->[androidx.glance:glance-appwidget:1.1.1] AndroidManifest.xml:58:13-69
88        <service
88-->[androidx.core:core-remoteviews:1.1.0] AndroidManifest.xml:24:9-27:63
89            android:name="androidx.core.widget.RemoteViewsCompatService"
89-->[androidx.core:core-remoteviews:1.1.0] AndroidManifest.xml:25:13-73
90            android:permission="android.permission.BIND_REMOTEVIEWS" />
90-->[androidx.core:core-remoteviews:1.1.0] AndroidManifest.xml:26:13-69
91
92        <provider
92-->[androidx.work:work-runtime:2.10.0] AndroidManifest.xml:29:9-37:20
93            android:name="androidx.startup.InitializationProvider"
93-->[androidx.work:work-runtime:2.10.0] AndroidManifest.xml:30:13-67
94            android:authorities="com.tommyg.yenwidget.androidx-startup"
94-->[androidx.work:work-runtime:2.10.0] AndroidManifest.xml:31:13-68
95            android:exported="false" >
95-->[androidx.work:work-runtime:2.10.0] AndroidManifest.xml:32:13-37
96            <meta-data
96-->[androidx.work:work-runtime:2.10.0] AndroidManifest.xml:34:13-36:52
97                android:name="androidx.work.WorkManagerInitializer"
97-->[androidx.work:work-runtime:2.10.0] AndroidManifest.xml:35:17-68
98                android:value="androidx.startup" />
98-->[androidx.work:work-runtime:2.10.0] AndroidManifest.xml:36:17-49
99            <meta-data
99-->[androidx.profileinstaller:profileinstaller:1.3.0] AndroidManifest.xml:29:13-31:52
100                android:name="androidx.profileinstaller.ProfileInstallerInitializer"
100-->[androidx.profileinstaller:profileinstaller:1.3.0] AndroidManifest.xml:30:17-85
101                android:value="androidx.startup" />
101-->[androidx.profileinstaller:profileinstaller:1.3.0] AndroidManifest.xml:31:17-49
102        </provider>
103
104        <service
104-->[androidx.work:work-runtime:2.10.0] AndroidManifest.xml:39:9-45:35
105            android:name="androidx.work.impl.background.systemalarm.SystemAlarmService"
105-->[androidx.work:work-runtime:2.10.0] AndroidManifest.xml:40:13-88
106            android:directBootAware="false"
106-->[androidx.work:work-runtime:2.10.0] AndroidManifest.xml:41:13-44
107            android:enabled="@bool/enable_system_alarm_service_default"
107-->[androidx.work:work-runtime:2.10.0] AndroidManifest.xml:42:13-72
108            android:exported="false" />
108-->[androidx.work:work-runtime:2.10.0] AndroidManifest.xml:43:13-37
109        <service
109-->[androidx.work:work-runtime:2.10.0] AndroidManifest.xml:46:9-52:35
110            android:name="androidx.work.impl.background.systemjob.SystemJobService"
110-->[androidx.work:work-runtime:2.10.0] AndroidManifest.xml:47:13-84
111            android:directBootAware="false"
111-->[androidx.work:work-runtime:2.10.0] AndroidManifest.xml:48:13-44
112            android:enabled="@bool/enable_system_job_service_default"
112-->[androidx.work:work-runtime:2.10.0] AndroidManifest.xml:49:13-70
113            android:exported="true"
113-->[androidx.work:work-runtime:2.10.0] AndroidManifest.xml:50:13-36
114            android:permission="android.permission.BIND_JOB_SERVICE" />
114-->[androidx.work:work-runtime:2.10.0] AndroidManifest.xml:51:13-69
115        <service
115-->[androidx.work:work-runtime:2.10.0] AndroidManifest.xml:53:9-59:35
116            android:name="androidx.work.impl.foreground.SystemForegroundService"
116-->[androidx.work:work-runtime:2.10.0] AndroidManifest.xml:54:13-81
117            android:directBootAware="false"
117-->[androidx.work:work-runtime:2.10.0] AndroidManifest.xml:55:13-44
118            android:enabled="@bool/enable_system_foreground_service_default"
118-->[androidx.work:work-runtime:2.10.0] AndroidManifest.xml:56:13-77
119            android:exported="false" />
119-->[androidx.work:work-runtime:2.10.0] AndroidManifest.xml:57:13-37
120
121        <receiver
121-->[androidx.work:work-runtime:2.10.0] AndroidManifest.xml:61:9-66:35
122            android:name="androidx.work.impl.utils.ForceStopRunnable$BroadcastReceiver"
122-->[androidx.work:work-runtime:2.10.0] AndroidManifest.xml:62:13-88
123            android:directBootAware="false"
123-->[androidx.work:work-runtime:2.10.0] AndroidManifest.xml:63:13-44
124            android:enabled="true"
124-->[androidx.work:work-runtime:2.10.0] AndroidManifest.xml:64:13-35
125            android:exported="false" />
125-->[androidx.work:work-runtime:2.10.0] AndroidManifest.xml:65:13-37
126        <receiver
126-->[androidx.work:work-runtime:2.10.0] AndroidManifest.xml:67:9-77:20
127            android:name="androidx.work.impl.background.systemalarm.ConstraintProxy$BatteryChargingProxy"
127-->[androidx.work:work-runtime:2.10.0] AndroidManifest.xml:68:13-106
128            android:directBootAware="false"
128-->[androidx.work:work-runtime:2.10.0] AndroidManifest.xml:69:13-44
129            android:enabled="false"
129-->[androidx.work:work-runtime:2.10.0] AndroidManifest.xml:70:13-36
130            android:exported="false" >
130-->[androidx.work:work-runtime:2.10.0] AndroidManifest.xml:71:13-37
131            <intent-filter>
131-->[androidx.work:work-runtime:2.10.0] AndroidManifest.xml:73:13-76:29
132                <action android:name="android.intent.action.ACTION_POWER_CONNECTED" />
132-->[androidx.work:work-runtime:2.10.0] AndroidManifest.xml:74:17-87
132-->[androidx.work:work-runtime:2.10.0] AndroidManifest.xml:74:25-84
133                <action android:name="android.intent.action.ACTION_POWER_DISCONNECTED" />
133-->[androidx.work:work-runtime:2.10.0] AndroidManifest.xml:75:17-90
133-->[androidx.work:work-runtime:2.10.0] AndroidManifest.xml:75:25-87
134            </intent-filter>
135        </receiver>
136        <receiver
136-->[androidx.work:work-runtime:2.10.0] AndroidManifest.xml:78:9-88:20
137            android:name="androidx.work.impl.background.systemalarm.ConstraintProxy$BatteryNotLowProxy"
137-->[androidx.work:work-runtime:2.10.0] AndroidManifest.xml:79:13-104
138            android:directBootAware="false"
138-->[androidx.work:work-runtime:2.10.0] AndroidManifest.xml:80:13-44
139            android:enabled="false"
139-->[androidx.work:work-runtime:2.10.0] AndroidManifest.xml:81:13-36
140            android:exported="false" >
140-->[androidx.work:work-runtime:2.10.0] AndroidManifest.xml:82:13-37
141            <intent-filter>
141-->[androidx.work:work-runtime:2.10.0] AndroidManifest.xml:84:13-87:29
142                <action android:name="android.intent.action.BATTERY_OKAY" />
142-->[androidx.work:work-runtime:2.10.0] AndroidManifest.xml:85:17-77
142-->[androidx.work:work-runtime:2.10.0] AndroidManifest.xml:85:25-74
143                <action android:name="android.intent.action.BATTERY_LOW" />
143-->[androidx.work:work-runtime:2.10.0] AndroidManifest.xml:86:17-76
143-->[androidx.work:work-runtime:2.10.0] AndroidManifest.xml:86:25-73
144            </intent-filter>
145        </receiver>
146        <receiver
146-->[androidx.work:work-runtime:2.10.0] AndroidManifest.xml:89:9-99:20
147            android:name="androidx.work.impl.background.systemalarm.ConstraintProxy$StorageNotLowProxy"
147-->[androidx.work:work-runtime:2.10.0] AndroidManifest.xml:90:13-104
148            android:directBootAware="false"
148-->[androidx.work:work-runtime:2.10.0] AndroidManifest.xml:91:13-44
149            android:enabled="false"
149-->[androidx.work:work-runtime:2.10.0] AndroidManifest.xml:92:13-36
150            android:exported="false" >
150-->[androidx.work:work-runtime:2.10.0] AndroidManifest.xml:93:13-37
151            <intent-filter>
151-->[androidx.work:work-runtime:2.10.0] AndroidManifest.xml:95:13-98:29
152                <action android:name="android.intent.action.DEVICE_STORAGE_LOW" />
152-->[androidx.work:work-runtime:2.10.0] AndroidManifest.xml:96:17-83
152-->[androidx.work:work-runtime:2.10.0] AndroidManifest.xml:96:25-80
153                <action android:name="android.intent.action.DEVICE_STORAGE_OK" />
153-->[androidx.work:work-runtime:2.10.0] AndroidManifest.xml:97:17-82
153-->[androidx.work:work-runtime:2.10.0] AndroidManifest.xml:97:25-79
154            </intent-filter>
155        </receiver>
156        <receiver
156-->[androidx.work:work-runtime:2.10.0] AndroidManifest.xml:100:9-109:20
157            android:name="androidx.work.impl.background.systemalarm.ConstraintProxy$NetworkStateProxy"
157-->[androidx.work:work-runtime:2.10.0] AndroidManifest.xml:101:13-103
158            android:directBootAware="false"
158-->[androidx.work:work-runtime:2.10.0] AndroidManifest.xml:102:13-44
159            android:enabled="false"
159-->[androidx.work:work-runtime:2.10.0] AndroidManifest.xml:103:13-36
160            android:exported="false" >
160-->[androidx.work:work-runtime:2.10.0] AndroidManifest.xml:104:13-37
161            <intent-filter>
161-->[androidx.work:work-runtime:2.10.0] AndroidManifest.xml:106:13-108:29
162                <action android:name="android.net.conn.CONNECTIVITY_CHANGE" />
162-->[androidx.work:work-runtime:2.10.0] AndroidManifest.xml:107:17-79
162-->[androidx.work:work-runtime:2.10.0] AndroidManifest.xml:107:25-76
163            </intent-filter>
164        </receiver>
165        <receiver
165-->[androidx.work:work-runtime:2.10.0] AndroidManifest.xml:110:9-121:20
166            android:name="androidx.work.impl.background.systemalarm.RescheduleReceiver"
166-->[androidx.work:work-runtime:2.10.0] AndroidManifest.xml:111:13-88
167            android:directBootAware="false"
167-->[androidx.work:work-runtime:2.10.0] AndroidManifest.xml:112:13-44
168            android:enabled="false"
168-->[androidx.work:work-runtime:2.10.0] AndroidManifest.xml:113:13-36
169            android:exported="false" >
169-->[androidx.work:work-runtime:2.10.0] AndroidManifest.xml:114:13-37
170            <intent-filter>
170-->[androidx.work:work-runtime:2.10.0] AndroidManifest.xml:116:13-120:29
171                <action android:name="android.intent.action.BOOT_COMPLETED" />
171-->[androidx.work:work-runtime:2.10.0] AndroidManifest.xml:117:17-79
171-->[androidx.work:work-runtime:2.10.0] AndroidManifest.xml:117:25-76
172                <action android:name="android.intent.action.TIME_SET" />
172-->[androidx.work:work-runtime:2.10.0] AndroidManifest.xml:118:17-73
172-->[androidx.work:work-runtime:2.10.0] AndroidManifest.xml:118:25-70
173                <action android:name="android.intent.action.TIMEZONE_CHANGED" />
173-->[androidx.work:work-runtime:2.10.0] AndroidManifest.xml:119:17-81
173-->[androidx.work:work-runtime:2.10.0] AndroidManifest.xml:119:25-78
174            </intent-filter>
175        </receiver>
176        <receiver
176-->[androidx.work:work-runtime:2.10.0] AndroidManifest.xml:122:9-131:20
177            android:name="androidx.work.impl.background.systemalarm.ConstraintProxyUpdateReceiver"
177-->[androidx.work:work-runtime:2.10.0] AndroidManifest.xml:123:13-99
178            android:directBootAware="false"
178-->[androidx.work:work-runtime:2.10.0] AndroidManifest.xml:124:13-44
179            android:enabled="@bool/enable_system_alarm_service_default"
179-->[androidx.work:work-runtime:2.10.0] AndroidManifest.xml:125:13-72
180            android:exported="false" >
180-->[androidx.work:work-runtime:2.10.0] AndroidManifest.xml:126:13-37
181            <intent-filter>
181-->[androidx.work:work-runtime:2.10.0] AndroidManifest.xml:128:13-130:29
182                <action android:name="androidx.work.impl.background.systemalarm.UpdateProxies" />
182-->[androidx.work:work-runtime:2.10.0] AndroidManifest.xml:129:17-98
182-->[androidx.work:work-runtime:2.10.0] AndroidManifest.xml:129:25-95
183            </intent-filter>
184        </receiver>
185        <receiver
185-->[androidx.work:work-runtime:2.10.0] AndroidManifest.xml:132:9-142:20
186            android:name="androidx.work.impl.diagnostics.DiagnosticsReceiver"
186-->[androidx.work:work-runtime:2.10.0] AndroidManifest.xml:133:13-78
187            android:directBootAware="false"
187-->[androidx.work:work-runtime:2.10.0] AndroidManifest.xml:134:13-44
188            android:enabled="true"
188-->[androidx.work:work-runtime:2.10.0] AndroidManifest.xml:135:13-35
189            android:exported="true"
189-->[androidx.work:work-runtime:2.10.0] AndroidManifest.xml:136:13-36
190            android:permission="android.permission.DUMP" >
190-->[androidx.work:work-runtime:2.10.0] AndroidManifest.xml:137:13-57
191            <intent-filter>
191-->[androidx.work:work-runtime:2.10.0] AndroidManifest.xml:139:13-141:29
192                <action android:name="androidx.work.diagnostics.REQUEST_DIAGNOSTICS" />
192-->[androidx.work:work-runtime:2.10.0] AndroidManifest.xml:140:17-88
192-->[androidx.work:work-runtime:2.10.0] AndroidManifest.xml:140:25-85
193            </intent-filter>
194        </receiver>
195
196        <service
196-->[androidx.room:room-runtime:2.6.1] AndroidManifest.xml:24:9-28:63
197            android:name="androidx.room.MultiInstanceInvalidationService"
197-->[androidx.room:room-runtime:2.6.1] AndroidManifest.xml:25:13-74
198            android:directBootAware="true"
198-->[androidx.room:room-runtime:2.6.1] AndroidManifest.xml:26:13-43
199            android:exported="false" />
199-->[androidx.room:room-runtime:2.6.1] AndroidManifest.xml:27:13-37
200
201        <receiver
201-->[androidx.profileinstaller:profileinstaller:1.3.0] AndroidManifest.xml:34:9-52:20
202            android:name="androidx.profileinstaller.ProfileInstallReceiver"
202-->[androidx.profileinstaller:profileinstaller:1.3.0] AndroidManifest.xml:35:13-76
203            android:directBootAware="false"
203-->[androidx.profileinstaller:profileinstaller:1.3.0] AndroidManifest.xml:36:13-44
204            android:enabled="true"
204-->[androidx.profileinstaller:profileinstaller:1.3.0] AndroidManifest.xml:37:13-35
205            android:exported="true"
205-->[androidx.profileinstaller:profileinstaller:1.3.0] AndroidManifest.xml:38:13-36
206            android:permission="android.permission.DUMP" >
206-->[androidx.profileinstaller:profileinstaller:1.3.0] AndroidManifest.xml:39:13-57
207            <intent-filter>
207-->[androidx.profileinstaller:profileinstaller:1.3.0] AndroidManifest.xml:40:13-42:29
208                <action android:name="androidx.profileinstaller.action.INSTALL_PROFILE" />
208-->[androidx.profileinstaller:profileinstaller:1.3.0] AndroidManifest.xml:41:17-91
208-->[androidx.profileinstaller:profileinstaller:1.3.0] AndroidManifest.xml:41:25-88
209            </intent-filter>
210            <intent-filter>
210-->[androidx.profileinstaller:profileinstaller:1.3.0] AndroidManifest.xml:43:13-45:29
211                <action android:name="androidx.profileinstaller.action.SKIP_FILE" />
211-->[androidx.profileinstaller:profileinstaller:1.3.0] AndroidManifest.xml:44:17-85
211-->[androidx.profileinstaller:profileinstaller:1.3.0] AndroidManifest.xml:44:25-82
212            </intent-filter>
213            <intent-filter>
213-->[androidx.profileinstaller:profileinstaller:1.3.0] AndroidManifest.xml:46:13-48:29
214                <action android:name="androidx.profileinstaller.action.SAVE_PROFILE" />
214-->[androidx.profileinstaller:profileinstaller:1.3.0] AndroidManifest.xml:47:17-88
214-->[androidx.profileinstaller:profileinstaller:1.3.0] AndroidManifest.xml:47:25-85
215            </intent-filter>
216            <intent-filter>
216-->[androidx.profileinstaller:profileinstaller:1.3.0] AndroidManifest.xml:49:13-51:29
217                <action android:name="androidx.profileinstaller.action.BENCHMARK_OPERATION" />
217-->[androidx.profileinstaller:profileinstaller:1.3.0] AndroidManifest.xml:50:17-95
217-->[androidx.profileinstaller:profileinstaller:1.3.0] AndroidManifest.xml:50:25-92
218            </intent-filter>
219        </receiver>
220    </application>
221
222</manifest>